{"meta": {"format": 3, "version": "7.14.3", "timestamp": "2026-07-01T23:27:49.647810", "branch_coverage": false, "show_contexts": false}, "files": {"src\\__init__.py": {"executed_lines": [], "summary": {"covered_lines": 0, "num_statements": 0, "percent_covered": 100.0, "percent_covered_display": "100", "missing_lines": 0, "excluded_lines": 0, "percent_statements_covered": 100.0, "percent_statements_covered_display": "100"}, "missing_lines": [], "excluded_lines": [], "functions": {"": {"executed_lines": [], "summary": {"covered_lines": 0, "num_statements": 0, "percent_covered": 100.0, "percent_covered_display": "100", "missing_lines": 0, "excluded_lines": 0, "percent_statements_covered": 100.0, "percent_statements_covered_display": "100"}, "missing_lines": [], "excluded_lines": [], "start_line": 1}}, "classes": {"": {"executed_lines": [], "summary": {"covered_lines": 0, "num_statements": 0, "percent_covered": 100.0, "percent_covered_display": "100", "missing_lines": 0, "excluded_lines": 0, "percent_statements_covered": 100.0, "percent_statements_covered_display": "100"}, "missing_lines": [], "excluded_lines": [], "start_line": 1}}}, "src\\abc_api.py": {"executed_lines": [1, 2, 5], "summary": {"covered_lines": 3, "num_statements": 3, "percent_covered": 100.0, "percent_covered_display": "100", "missing_lines": 0, "excluded_lines": 46, "percent_statements_covered": 100.0, "percent_statements_covered_display": "100"}, "missing_lines": [], "excluded_lines": [11, 12, 13, 14, 15, 16, 17, 18, 19, 20, 21, 22, 23, 24, 25, 26, 28, 29, 30, 31, 32, 33, 34, 35, 36, 37, 38, 39, 40, 41, 42, 43, 45, 46, 47, 48, 49, 50, 51, 52, 53, 54, 55, 56, 57, 58], "functions": {"ABCAPI.get_country_coordinates": {"executed_lines": [], "summary": {"covered_lines": 0, "num_statements": 0, "percent_covered": 100.0, "percent_covered_display": "100", "missing_lines": 0, "excluded_lines": 14, "percent_statements_covered": 100.0, "percent_statements_covered_display": "100"}, "missing_lines": [], "excluded_lines": [13, 14, 15, 16, 17, 18, 19, 20, 21, 22, 23, 24, 25, 26], "start_line": 12}, "ABCAPI.get_aeroplanes": {"executed_lines": [], "summary": {"covered_lines": 0, "num_statements": 0, "percent_covered": 100.0, "percent_covered_display": "100", "missing_lines": 0, "excluded_lines": 14, "percent_statements_covered": 100.0, "percent_statements_covered_display": "100"}, "missing_lines": [], "excluded_lines": [30, 31, 32, 33, 34, 35, 36, 37, 38, 39, 40, 41, 42, 43], "start_line": 29}, "ABCAPI.get_aeroplanes_by_bounding_box": {"executed_lines": [], "summary": {"covered_lines": 0, "num_statements": 0, "percent_covered": 100.0, "percent_covered_display": "100", "missing_lines": 0, "excluded_lines": 10, "percent_statements_covered": 100.0, "percent_statements_covered_display": "100"}, "missing_lines": [], "excluded_lines": [49, 50, 51, 52, 53, 54, 55, 56, 57, 58], "start_line": 46}, "": {"executed_lines": [1, 2, 5], "summary": {"covered_lines": 3, "num_statements": 3, "percent_covered": 100.0, "percent_covered_display": "100", "missing_lines": 0, "excluded_lines": 8, "percent_statements_covered": 100.0, "percent_statements_covered_display": "100"}, "missing_lines": [], "excluded_lines": [11, 12, 28, 29, 45, 46, 47, 48], "start_line": 1}}, "classes": {"ABCAPI": {"executed_lines": [], "summary": {"covered_lines": 0, "num_statements": 0, "percent_covered": 100.0, "percent_covered_display": "100", "missing_lines": 0, "excluded_lines": 38, "percent_statements_covered": 100.0, "percent_statements_covered_display": "100"}, "missing_lines": [], "excluded_lines": [13, 14, 15, 16, 17, 18, 19, 20, 21, 22, 23, 24, 25, 26, 30, 31, 32, 33, 34, 35, 36, 37, 38, 39, 40, 41, 42, 43, 49, 50, 51, 52, 53, 54, 55, 56, 57, 58], "start_line": 5}, "": {"executed_lines": [1, 2, 5], "summary": {"covered_lines": 3, "num_statements": 3, "percent_covered": 100.0, "percent_covered_display": "100", "missing_lines": 0, "excluded_lines": 8, "percent_statements_covered": 100.0, "percent_statements_covered_display": "100"}, "missing_lines": [], "excluded_lines": [11, 12, 28, 29, 45, 46, 47, 48], "start_line": 1}}}, "src\\abc_storage.py": {"executed_lines": [1, 2, 5], "summary": {"covered_lines": 3, "num_statements": 3, "percent_covered": 100.0, "percent_covered_display": "100", "missing_lines": 0, "excluded_lines": 61, "percent_statements_covered": 100.0, "percent_statements_covered_display": "100"}, "missing_lines": [], "excluded_lines": [13, 14, 15, 16, 17, 18, 19, 20, 21, 23, 24, 25, 26, 27, 28, 29, 30, 31, 32, 33, 34, 36, 37, 38, 39, 40, 41, 42, 43, 44, 46, 47, 48, 49, 50, 51, 52, 53, 54, 56, 57, 58, 59, 61, 62, 63, 64, 65, 66, 67, 68, 69, 71, 72, 73, 74, 75, 76, 77, 78, 79], "functions": {"ABCStorage.add_aeroplane": {"executed_lines": [], "summary": {"covered_lines": 0, "num_statements": 0, "percent_covered": 100.0, "percent_covered_display": "100", "missing_lines": 0, "excluded_lines": 7, "percent_statements_covered": 100.0, "percent_statements_covered_display": "100"}, "missing_lines": [], "excluded_lines": [15, 16, 17, 18, 19, 20, 21], "start_line": 14}, "ABCStorage.get_aeroplanes": {"executed_lines": [], "summary": {"covered_lines": 0, "num_statements": 0, "percent_covered": 100.0, "percent_covered_display": "100", "missing_lines": 0, "excluded_lines": 10, "percent_statements_covered": 100.0, "percent_statements_covered_display": "100"}, "missing_lines": [], "excluded_lines": [25, 26, 27, 28, 29, 30, 31, 32, 33, 34], "start_line": 24}, "ABCStorage.delete_aeroplane": {"executed_lines": [], "summary": {"covered_lines": 0, "num_statements": 0, "percent_covered": 100.0, "percent_covered_display": "100", "missing_lines": 0, "excluded_lines": 7, "percent_statements_covered": 100.0, "percent_statements_covered_display": "100"}, "missing_lines": [], "excluded_lines": [38, 39, 40, 41, 42, 43, 44], "start_line": 37}, "ABCStorage.delete_by_criteria": {"executed_lines": [], "summary": {"covered_lines": 0, "num_statements": 0, "percent_covered": 100.0, "percent_covered_display": "100", "missing_lines": 0, "excluded_lines": 7, "percent_statements_covered": 100.0, "percent_statements_covered_display": "100"}, "missing_lines": [], "excluded_lines": [48, 49, 50, 51, 52, 53, 54], "start_line": 47}, "ABCStorage.clear": {"executed_lines": [], "summary": {"covered_lines": 0, "num_statements": 0, "percent_covered": 100.0, "percent_covered_display": "100", "missing_lines": 0, "excluded_lines": 2, "percent_statements_covered": 100.0, "percent_statements_covered_display": "100"}, "missing_lines": [], "excluded_lines": [58, 59], "start_line": 57}, "ABCStorage.get_all": {"executed_lines": [], "summary": {"covered_lines": 0, "num_statements": 0, "percent_covered": 100.0, "percent_covered_display": "100", "missing_lines": 0, "excluded_lines": 7, "percent_statements_covered": 100.0, "percent_statements_covered_display": "100"}, "missing_lines": [], "excluded_lines": [63, 64, 65, 66, 67, 68, 69], "start_line": 62}, "ABCStorage.count": {"executed_lines": [], "summary": {"covered_lines": 0, "num_statements": 0, "percent_covered": 100.0, "percent_covered_display": "100", "missing_lines": 0, "excluded_lines": 7, "percent_statements_covered": 100.0, "percent_statements_covered_display": "100"}, "missing_lines": [], "excluded_lines": [73, 74, 75, 76, 77, 78, 79], "start_line": 72}, "": {"executed_lines": [1, 2, 5], "summary": {"covered_lines": 3, "num_statements": 3, "percent_covered": 100.0, "percent_covered_display": "100", "missing_lines": 0, "excluded_lines": 14, "percent_statements_covered": 100.0, "percent_statements_covered_display": "100"}, "missing_lines": [], "excluded_lines": [13, 14, 23, 24, 36, 37, 46, 47, 56, 57, 61, 62, 71, 72], "start_line": 1}}, "classes": {"ABCStorage": {"executed_lines": [], "summary": {"covered_lines": 0, "num_statements": 0, "percent_covered": 100.0, "percent_covered_display": "100", "missing_lines": 0, "excluded_lines": 47, "percent_statements_covered": 100.0, "percent_statements_covered_display": "100"}, "missing_lines": [], "excluded_lines": [15, 16, 17, 18, 19, 20, 21, 25, 26, 27, 28, 29, 30, 31, 32, 33, 34, 38, 39, 40, 41, 42, 43, 44, 48, 49, 50, 51, 52, 53, 54, 58, 59, 63, 64, 65, 66, 67, 68, 69, 73, 74, 75, 76, 77, 78, 79], "start_line": 5}, "": {"executed_lines": [1, 2, 5], "summary": {"covered_lines": 3, "num_statements": 3, "percent_covered": 100.0, "percent_covered_display": "100", "missing_lines": 0, "excluded_lines": 14, "percent_statements_covered": 100.0, "percent_statements_covered_display": "100"}, "missing_lines": [], "excluded_lines": [13, 14, 23, 24, 36, 37, 46, 47, 56, 57, 61, 62, 71, 72], "start_line": 1}}}, "src\\aeroplane.py": {"executed_lines": [], "summary": {"covered_lines": 0, "num_statements": 117, "percent_covered": 0.0, "percent_covered_display": "0", "missing_lines": 117, "excluded_lines": 0, "percent_statements_covered": 0.0, "percent_statements_covered_display": "0"}, "missing_lines": [1, 4, 9, 21, 22, 23, 24, 25, 26, 27, 28, 29, 33, 34, 35, 36, 37, 38, 39, 41, 42, 43, 44, 45, 46, 47, 51, 52, 53, 55, 56, 57, 58, 59, 61, 62, 63, 65, 66, 67, 68, 69, 71, 72, 73, 75, 76, 77, 78, 80, 82, 83, 84, 86, 87, 88, 89, 91, 93, 94, 95, 97, 98, 99, 101, 102, 103, 105, 106, 107, 109, 110, 111, 115, 116, 117, 118, 120, 121, 122, 123, 125, 126, 127, 128, 130, 131, 132, 133, 135, 136, 137, 139, 140, 141, 142, 144, 146, 147, 148, 149, 151, 152, 163, 164, 174, 175, 176, 188, 189, 202, 203, 204, 205, 206, 208, 209], "excluded_lines": [], "functions": {"Aeroplane.__init__": {"executed_lines": [], "summary": {"covered_lines": 0, "num_statements": 9, "percent_covered": 0.0, "percent_covered_display": "0", "missing_lines": 9, "excluded_lines": 0, "percent_statements_covered": 0.0, "percent_statements_covered_display": "0"}, "missing_lines": [21, 22, 23, 24, 25, 26, 27, 28, 29], "excluded_lines": [], "start_line": 9}, "Aeroplane._validate_velocity": {"executed_lines": [], "summary": {"covered_lines": 0, "num_statements": 5, "percent_covered": 0.0, "percent_covered_display": "0", "missing_lines": 5, "excluded_lines": 0, "percent_statements_covered": 0.0, "percent_statements_covered_display": "0"}, "missing_lines": [35, 36, 37, 38, 39], "excluded_lines": [], "start_line": 34}, "Aeroplane._validate_altitude": {"executed_lines": [], "summary": {"covered_lines": 0, "num_statements": 5, "percent_covered": 0.0, "percent_covered_display": "0", "missing_lines": 5, "excluded_lines": 0, "percent_statements_covered": 0.0, "percent_statements_covered_display": "0"}, "missing_lines": [43, 44, 45, 46, 47], "excluded_lines": [], "start_line": 42}, "Aeroplane.callsign": {"executed_lines": [], "summary": {"covered_lines": 0, "num_statements": 3, "percent_covered": 0.0, "percent_covered_display": "0", "missing_lines": 3, "excluded_lines": 0, "percent_statements_covered": 0.0, "percent_statements_covered_display": "0"}, "missing_lines": [57, 58, 59], "excluded_lines": [], "start_line": 56}, "Aeroplane.origin_country": {"executed_lines": [], "summary": {"covered_lines": 0, "num_statements": 3, "percent_covered": 0.0, "percent_covered_display": "0", "missing_lines": 3, "excluded_lines": 0, "percent_statements_covered": 0.0, "percent_statements_covered_display": "0"}, "missing_lines": [67, 68, 69], "excluded_lines": [], "start_line": 66}, "Aeroplane.velocity": {"executed_lines": [], "summary": {"covered_lines": 0, "num_statements": 3, "percent_covered": 0.0, "percent_covered_display": "0", "missing_lines": 3, "excluded_lines": 0, "percent_statements_covered": 0.0, "percent_statements_covered_display": "0"}, "missing_lines": [77, 78, 80], "excluded_lines": [], "start_line": 76}, "Aeroplane.baro_altitude": {"executed_lines": [], "summary": {"covered_lines": 0, "num_statements": 3, "percent_covered": 0.0, "percent_covered_display": "0", "missing_lines": 3, "excluded_lines": 0, "percent_statements_covered": 0.0, "percent_statements_covered_display": "0"}, "missing_lines": [88, 89, 91], "excluded_lines": [], "start_line": 87}, "Aeroplane.longitude": {"executed_lines": [], "summary": {"covered_lines": 0, "num_statements": 1, "percent_covered": 0.0, "percent_covered_display": "0", "missing_lines": 1, "excluded_lines": 0, "percent_statements_covered": 0.0, "percent_statements_covered_display": "0"}, "missing_lines": [95], "excluded_lines": [], "start_line": 94}, "Aeroplane.latitude": {"executed_lines": [], "summary": {"covered_lines": 0, "num_statements": 1, "percent_covered": 0.0, "percent_covered_display": "0", "missing_lines": 1, "excluded_lines": 0, "percent_statements_covered": 0.0, "percent_statements_covered_display": "0"}, "missing_lines": [99], "excluded_lines": [], "start_line": 98}, "Aeroplane.on_ground": {"executed_lines": [], "summary": {"covered_lines": 0, "num_statements": 1, "percent_covered": 0.0, "percent_covered_display": "0", "missing_lines": 1, "excluded_lines": 0, "percent_statements_covered": 0.0, "percent_statements_covered_display": "0"}, "missing_lines": [103], "excluded_lines": [], "start_line": 102}, "Aeroplane.current_country": {"executed_lines": [], "summary": {"covered_lines": 0, "num_statements": 1, "percent_covered": 0.0, "percent_covered_display": "0", "missing_lines": 1, "excluded_lines": 0, "percent_statements_covered": 0.0, "percent_statements_covered_display": "0"}, "missing_lines": [111], "excluded_lines": [], "start_line": 110}, "Aeroplane.__lt__": {"executed_lines": [], "summary": {"covered_lines": 0, "num_statements": 3, "percent_covered": 0.0, "percent_covered_display": "0", "missing_lines": 3, "excluded_lines": 0, "percent_statements_covered": 0.0, "percent_statements_covered_display": "0"}, "missing_lines": [116, 117, 118], "excluded_lines": [], "start_line": 115}, "Aeroplane.__le__": {"executed_lines": [], "summary": {"covered_lines": 0, "num_statements": 3, "percent_covered": 0.0, "percent_covered_display": "0", "missing_lines": 3, "excluded_lines": 0, "percent_statements_covered": 0.0, "percent_statements_covered_display": "0"}, "missing_lines": [121, 122, 123], "excluded_lines": [], "start_line": 120}, "Aeroplane.__gt__": {"executed_lines": [], "summary": {"covered_lines": 0, "num_statements": 3, "percent_covered": 0.0, "percent_covered_display": "0", "missing_lines": 3, "excluded_lines": 0, "percent_statements_covered": 0.0, "percent_statements_covered_display": "0"}, "missing_lines": [126, 127, 128], "excluded_lines": [], "start_line": 125}, "Aeroplane.__ge__": {"executed_lines": [], "summary": {"covered_lines": 0, "num_statements": 3, "percent_covered": 0.0, "percent_covered_display": "0", "missing_lines": 3, "excluded_lines": 0, "percent_statements_covered": 0.0, "percent_statements_covered_display": "0"}, "missing_lines": [131, 132, 133], "excluded_lines": [], "start_line": 130}, "Aeroplane.compare_altitude": {"executed_lines": [], "summary": {"covered_lines": 0, "num_statements": 7, "percent_covered": 0.0, "percent_covered_display": "0", "missing_lines": 7, "excluded_lines": 0, "percent_statements_covered": 0.0, "percent_statements_covered_display": "0"}, "missing_lines": [136, 137, 139, 140, 141, 142, 144], "excluded_lines": [], "start_line": 135}, "Aeroplane.__eq__": {"executed_lines": [], "summary": {"covered_lines": 0, "num_statements": 3, "percent_covered": 0.0, "percent_covered_display": "0", "missing_lines": 3, "excluded_lines": 0, "percent_statements_covered": 0.0, "percent_statements_covered_display": "0"}, "missing_lines": [147, 148, 149], "excluded_lines": [], "start_line": 146}, "Aeroplane.__str__": {"executed_lines": [], "summary": {"covered_lines": 0, "num_statements": 1, "percent_covered": 0.0, "percent_covered_display": "0", "missing_lines": 1, "excluded_lines": 0, "percent_statements_covered": 0.0, "percent_statements_covered_display": "0"}, "missing_lines": [152], "excluded_lines": [], "start_line": 151}, "Aeroplane.__repr__": {"executed_lines": [], "summary": {"covered_lines": 0, "num_statements": 1, "percent_covered": 0.0, "percent_covered_display": "0", "missing_lines": 1, "excluded_lines": 0, "percent_statements_covered": 0.0, "percent_statements_covered_display": "0"}, "missing_lines": [164], "excluded_lines": [], "start_line": 163}, "Aeroplane.from_dict": {"executed_lines": [], "summary": {"covered_lines": 0, "num_statements": 1, "percent_covered": 0.0, "percent_covered_display": "0", "missing_lines": 1, "excluded_lines": 0, "percent_statements_covered": 0.0, "percent_statements_covered_display": "0"}, "missing_lines": [176], "excluded_lines": [], "start_line": 175}, "Aeroplane.cast_to_object_list": {"executed_lines": [], "summary": {"covered_lines": 0, "num_statements": 5, "percent_covered": 0.0, "percent_covered_display": "0", "missing_lines": 5, "excluded_lines": 0, "percent_statements_covered": 0.0, "percent_statements_covered_display": "0"}, "missing_lines": [202, 203, 204, 205, 206], "excluded_lines": [], "start_line": 189}, "Aeroplane.to_dict": {"executed_lines": [], "summary": {"covered_lines": 0, "num_statements": 1, "percent_covered": 0.0, "percent_covered_display": "0", "missing_lines": 1, "excluded_lines": 0, "percent_statements_covered": 0.0, "percent_statements_covered_display": "0"}, "missing_lines": [209], "excluded_lines": [], "start_line": 208}, "": {"executed_lines": [], "summary": {"covered_lines": 0, "num_statements": 46, "percent_covered": 0.0, "percent_covered_display": "0", "missing_lines": 46, "excluded_lines": 0, "percent_statements_covered": 0.0, "percent_statements_covered_display": "0"}, "missing_lines": [1, 4, 9, 33, 34, 41, 42, 51, 52, 55, 56, 61, 62, 65, 66, 71, 72, 75, 76, 82, 83, 86, 87, 93, 94, 97, 98, 101, 102, 105, 106, 109, 110, 115, 120, 125, 130, 135, 146, 151, 163, 174, 175, 188, 189, 208], "excluded_lines": [], "start_line": 1}}, "classes": {"Aeroplane": {"executed_lines": [], "summary": {"covered_lines": 0, "num_statements": 71, "percent_covered": 0.0, "percent_covered_display": "0", "missing_lines": 71, "excluded_lines": 0, "percent_statements_covered": 0.0, "percent_statements_covered_display": "0"}, "missing_lines": [21, 22, 23, 24, 25, 26, 27, 28, 29, 35, 36, 37, 38, 39, 43, 44, 45, 46, 47, 53, 57, 58, 59, 63, 67, 68, 69, 73, 77, 78, 80, 84, 88, 89, 91, 95, 99, 103, 107, 111, 116, 117, 118, 121, 122, 123, 126, 127, 128, 131, 132, 133, 136, 137, 139, 140, 141, 142, 144, 147, 148, 149, 152, 164, 176, 202, 203, 204, 205, 206, 209], "excluded_lines": [], "start_line": 4}, "": {"executed_lines": [], "summary": {"covered_lines": 0, "num_statements": 46, "percent_covered": 0.0, "percent_covered_display": "0", "missing_lines": 46, "excluded_lines": 0, "percent_statements_covered": 0.0, "percent_statements_covered_display": "0"}, "missing_lines": [1, 4, 9, 33, 34, 41, 42, 51, 52, 55, 56, 61, 62, 65, 66, 71, 72, 75, 76, 82, 83, 86, 87, 93, 94, 97, 98, 101, 102, 105, 106, 109, 110, 115, 120, 125, 130, 135, 146, 151, 163, 174, 175, 188, 189, 208], "excluded_lines": [], "start_line": 1}}}, "src\\api.py": {"executed_lines": [1, 3, 5, 8, 15, 17, 18, 19, 20, 21, 23, 37, 38, 40, 44, 50, 51, 57, 59, 61, 62, 64, 66, 69, 71, 73, 74, 76, 87, 90, 92, 106, 110, 111, 114, 121, 122, 123, 125, 126, 128, 129, 131, 132, 141, 170, 172, 173, 174, 176, 195, 197, 201], "summary": {"covered_lines": 53, "num_statements": 73, "percent_covered": 72.6027397260274, "percent_covered_display": "73", "missing_lines": 20, "excluded_lines": 0, "percent_statements_covered": 72.6027397260274, "percent_statements_covered_display": "73"}, "missing_lines": [67, 72, 107, 112, 134, 135, 136, 137, 138, 139, 202, 204, 206, 207, 210, 211, 212, 213, 214, 215], "excluded_lines": [], "functions": {"APIAdapter.__init__": {"executed_lines": [17, 18, 19, 20, 21], "summary": {"covered_lines": 5, "num_statements": 5, "percent_covered": 100.0, "percent_covered_display": "100", "missing_lines": 0, "excluded_lines": 0, "percent_statements_covered": 100.0, "percent_statements_covered_display": "100"}, "missing_lines": [], "excluded_lines": [], "start_line": 15}, "APIAdapter.get_country_coordinates": {"executed_lines": [37, 38, 40, 44, 50, 51, 57, 59, 61, 62, 64, 66, 69, 71, 73, 74], "summary": {"covered_lines": 16, "num_statements": 18, "percent_covered": 88.88888888888889, "percent_covered_display": "89", "missing_lines": 2, "excluded_lines": 0, "percent_statements_covered": 88.88888888888889, "percent_statements_covered_display": "89"}, "missing_lines": [67, 72], "excluded_lines": [], "start_line": 23}, "APIAdapter.get_aeroplanes": {"executed_lines": [87, 90], "summary": {"covered_lines": 2, "num_statements": 2, "percent_covered": 100.0, "percent_covered_display": "100", "missing_lines": 0, "excluded_lines": 0, "percent_statements_covered": 100.0, "percent_statements_covered_display": "100"}, "missing_lines": [], "excluded_lines": [], "start_line": 76}, "APIAdapter.get_aeroplanes_by_bounding_box": {"executed_lines": [106, 110, 111, 114, 121, 122, 123, 125, 126, 128, 129, 131, 132], "summary": {"covered_lines": 13, "num_statements": 21, "percent_covered": 61.904761904761905, "percent_covered_display": "62", "missing_lines": 8, "excluded_lines": 0, "percent_statements_covered": 61.904761904761905, "percent_statements_covered_display": "62"}, "missing_lines": [107, 112, 134, 135, 136, 137, 138, 139], "excluded_lines": [], "start_line": 92}, "APIAdapter._parse_states": {"executed_lines": [170, 172, 173, 174, 176, 195, 197], "summary": {"covered_lines": 7, "num_statements": 7, "percent_covered": 100.0, "percent_covered_display": "100", "missing_lines": 0, "excluded_lines": 0, "percent_statements_covered": 100.0, "percent_statements_covered_display": "100"}, "missing_lines": [], "excluded_lines": [], "start_line": 141}, "": {"executed_lines": [1, 3, 5, 8, 15, 23, 76, 92, 141, 201], "summary": {"covered_lines": 10, "num_statements": 20, "percent_covered": 50.0, "percent_covered_display": "50", "missing_lines": 10, "excluded_lines": 0, "percent_statements_covered": 50.0, "percent_statements_covered_display": "50"}, "missing_lines": [202, 204, 206, 207, 210, 211, 212, 213, 214, 215], "excluded_lines": [], "start_line": 1}}, "classes": {"APIAdapter": {"executed_lines": [17, 18, 19, 20, 21, 37, 38, 40, 44, 50, 51, 57, 59, 61, 62, 64, 66, 69, 71, 73, 74, 87, 90, 106, 110, 111, 114, 121, 122, 123, 125, 126, 128, 129, 131, 132, 170, 172, 173, 174, 176, 195, 197], "summary": {"covered_lines": 43, "num_statements": 53, "percent_covered": 81.13207547169812, "percent_covered_display": "81", "missing_lines": 10, "excluded_lines": 0, "percent_statements_covered": 81.13207547169812, "percent_statements_covered_display": "81"}, "missing_lines": [67, 72, 107, 112, 134, 135, 136, 137, 138, 139], "excluded_lines": [], "start_line": 8}, "": {"executed_lines": [1, 3, 5, 8, 15, 23, 76, 92, 141, 201], "summary": {"covered_lines": 10, "num_statements": 20, "percent_covered": 50.0, "percent_covered_display": "50", "missing_lines": 10, "excluded_lines": 0, "percent_statements_covered": 50.0, "percent_statements_covered_display": "50"}, "missing_lines": [202, 204, 206, 207, 210, 211, 212, 213, 214, 215], "excluded_lines": [], "start_line": 1}}}, "src\\json_storage.py": {"executed_lines": [], "summary": {"covered_lines": 0, "num_statements": 78, "percent_covered": 0.0, "percent_covered_display": "0", "missing_lines": 78, "excluded_lines": 0, "percent_statements_covered": 0.0, "percent_statements_covered_display": "0"}, "missing_lines": [1, 2, 3, 5, 6, 9, 12, 13, 14, 16, 17, 18, 19, 21, 22, 23, 25, 26, 27, 28, 29, 31, 32, 33, 34, 35, 36, 38, 39, 40, 42, 43, 44, 45, 46, 48, 49, 51, 52, 54, 55, 57, 58, 60, 61, 62, 63, 64, 65, 66, 67, 68, 70, 72, 73, 74, 75, 77, 85, 86, 88, 91, 92, 93, 94, 95, 96, 97, 98, 99, 101, 103, 104, 106, 107, 109, 110, 111], "excluded_lines": [], "functions": {"JSONStorage.__init__": {"executed_lines": [], "summary": {"covered_lines": 0, "num_statements": 2, "percent_covered": 0.0, "percent_covered_display": "0", "missing_lines": 2, "excluded_lines": 0, "percent_statements_covered": 0.0, "percent_statements_covered_display": "0"}, "missing_lines": [13, 14], "excluded_lines": [], "start_line": 12}, "JSONStorage._ensure_directory_exists": {"executed_lines": [], "summary": {"covered_lines": 0, "num_statements": 3, "percent_covered": 0.0, "percent_covered_display": "0", "missing_lines": 3, "excluded_lines": 0, "percent_statements_covered": 0.0, "percent_statements_covered_display": "0"}, "missing_lines": [17, 18, 19], "excluded_lines": [], "start_line": 16}, "JSONStorage._load_data": {"executed_lines": [], "summary": {"covered_lines": 0, "num_statements": 7, "percent_covered": 0.0, "percent_covered_display": "0", "missing_lines": 7, "excluded_lines": 0, "percent_statements_covered": 0.0, "percent_statements_covered_display": "0"}, "missing_lines": [22, 23, 25, 26, 27, 28, 29], "excluded_lines": [], "start_line": 21}, "JSONStorage._save_data": {"executed_lines": [], "summary": {"covered_lines": 0, "num_statements": 5, "percent_covered": 0.0, "percent_covered_display": "0", "missing_lines": 5, "excluded_lines": 0, "percent_statements_covered": 0.0, "percent_statements_covered_display": "0"}, "missing_lines": [32, 33, 34, 35, 36], "excluded_lines": [], "start_line": 31}, "JSONStorage.add_aeroplane": {"executed_lines": [], "summary": {"covered_lines": 0, "num_statements": 9, "percent_covered": 0.0, "percent_covered_display": "0", "missing_lines": 9, "excluded_lines": 0, "percent_statements_covered": 0.0, "percent_statements_covered_display": "0"}, "missing_lines": [39, 40, 42, 43, 44, 45, 46, 48, 49], "excluded_lines": [], "start_line": 38}, "JSONStorage.get_aeroplanes": {"executed_lines": [], "summary": {"covered_lines": 0, "num_statements": 15, "percent_covered": 0.0, "percent_covered_display": "0", "missing_lines": 15, "excluded_lines": 0, "percent_statements_covered": 0.0, "percent_statements_covered_display": "0"}, "missing_lines": [52, 54, 55, 57, 58, 60, 61, 62, 63, 64, 65, 66, 67, 68, 70], "excluded_lines": [], "start_line": 51}, "JSONStorage.delete_aeroplane": {"executed_lines": [], "summary": {"covered_lines": 0, "num_statements": 3, "percent_covered": 0.0, "percent_covered_display": "0", "missing_lines": 3, "excluded_lines": 0, "percent_statements_covered": 0.0, "percent_statements_covered_display": "0"}, "missing_lines": [73, 74, 75], "excluded_lines": [], "start_line": 72}, "JSONStorage.delete_by_criteria": {"executed_lines": [], "summary": {"covered_lines": 0, "num_statements": 13, "percent_covered": 0.0, "percent_covered_display": "0", "missing_lines": 13, "excluded_lines": 0, "percent_statements_covered": 0.0, "percent_statements_covered_display": "0"}, "missing_lines": [85, 86, 88, 91, 92, 93, 94, 95, 96, 97, 98, 99, 101], "excluded_lines": [], "start_line": 77}, "JSONStorage.clear": {"executed_lines": [], "summary": {"covered_lines": 0, "num_statements": 1, "percent_covered": 0.0, "percent_covered_display": "0", "missing_lines": 1, "excluded_lines": 0, "percent_statements_covered": 0.0, "percent_statements_covered_display": "0"}, "missing_lines": [104], "excluded_lines": [], "start_line": 103}, "JSONStorage.get_all": {"executed_lines": [], "summary": {"covered_lines": 0, "num_statements": 1, "percent_covered": 0.0, "percent_covered_display": "0", "missing_lines": 1, "excluded_lines": 0, "percent_statements_covered": 0.0, "percent_statements_covered_display": "0"}, "missing_lines": [107], "excluded_lines": [], "start_line": 106}, "JSONStorage.count": {"executed_lines": [], "summary": {"covered_lines": 0, "num_statements": 2, "percent_covered": 0.0, "percent_covered_display": "0", "missing_lines": 2, "excluded_lines": 0, "percent_statements_covered": 0.0, "percent_statements_covered_display": "0"}, "missing_lines": [110, 111], "excluded_lines": [], "start_line": 109}, "": {"executed_lines": [], "summary": {"covered_lines": 0, "num_statements": 17, "percent_covered": 0.0, "percent_covered_display": "0", "missing_lines": 17, "excluded_lines": 0, "percent_statements_covered": 0.0, "percent_statements_covered_display": "0"}, "missing_lines": [1, 2, 3, 5, 6, 9, 12, 16, 21, 31, 38, 51, 72, 77, 103, 106, 109], "excluded_lines": [], "start_line": 1}}, "classes": {"JSONStorage": {"executed_lines": [], "summary": {"covered_lines": 0, "num_statements": 61, "percent_covered": 0.0, "percent_covered_display": "0", "missing_lines": 61, "excluded_lines": 0, "percent_statements_covered": 0.0, "percent_statements_covered_display": "0"}, "missing_lines": [13, 14, 17, 18, 19, 22, 23, 25, 26, 27, 28, 29, 32, 33, 34, 35, 36, 39, 40, 42, 43, 44, 45, 46, 48, 49, 52, 54, 55, 57, 58, 60, 61, 62, 63, 64, 65, 66, 67, 68, 70, 73, 74, 75, 85, 86, 88, 91, 92, 93, 94, 95, 96, 97, 98, 99, 101, 104, 107, 110, 111], "excluded_lines": [], "start_line": 9}, "": {"executed_lines": [], "summary": {"covered_lines": 0, "num_statements": 17, "percent_covered": 0.0, "percent_covered_display": "0", "missing_lines": 17, "excluded_lines": 0, "percent_statements_covered": 0.0, "percent_statements_covered_display": "0"}, "missing_lines": [1, 2, 3, 5, 6, 9, 12, 16, 21, 31, 38, 51, 72, 77, 103, 106, 109], "excluded_lines": [], "start_line": 1}}}}, "totals": {"covered_lines": 59, "num_statements": 274, "percent_covered": 21.532846715328468, "percent_covered_display": "22", "missing_lines": 215, "excluded_lines": 107, "percent_statements_covered": 21.532846715328468, "percent_statements_covered_display": "22"}}